<?xml version="1.0" encoding="UTF-8"?>
<robot generator="Robot 7.0.1 (Python 3.12.1 on win32)" generated="2025-01-08T19:23:54.886802" rpa="false" schemaversion="5">
<suite id="s1" name="test Invalid PhoneNumber" source="c:\ChromeForTesting\Automatetest_lab7\test_Invalid_PhoneNumber.robot">
<test id="s1-t1" name="Open Form" line="5">
<kw name="Open Browser To Form Page" owner="resource">
<kw name="Evaluate" owner="BuiltIn">
<msg time="2025-01-08T19:23:55.123316" level="INFO">${chrome_options} = &lt;selenium.webdriver.chrome.options.Options object at 0x0000022F536913D0&gt;</msg>
<var>${chrome_options}</var>
<arg>sys.modules['selenium.webdriver'].ChromeOptions()</arg>
<arg>sys</arg>
<doc>Evaluates the given expression in Python and returns the result.</doc>
<status status="PASS" start="2025-01-08T19:23:55.123316" elapsed="0.000000"/>
</kw>
<kw name="Set Variable" owner="BuiltIn">
<msg time="2025-01-08T19:23:55.123316" level="INFO">${chrome_options.binary_location} = C:/ChromeForTesting/chrome-win64/chrome.exe</msg>
<var>${chrome_options.binary_location}</var>
<arg>${CHROME_BROWSER_PATH}</arg>
<doc>Returns the given values which can then be assigned to a variables.</doc>
<status status="PASS" start="2025-01-08T19:23:55.123316" elapsed="0.000000"/>
</kw>
<kw name="Evaluate" owner="BuiltIn">
<msg time="2025-01-08T19:23:55.123316" level="INFO">${service} = &lt;selenium.webdriver.chrome.service.Service object at 0x0000022F53691D00&gt;</msg>
<var>${service}</var>
<arg>sys.modules['selenium.webdriver.chrome.service'].Service(executable_path=r"${CHROME_DRIVER_PATH}")</arg>
<doc>Evaluates the given expression in Python and returns the result.</doc>
<status status="PASS" start="2025-01-08T19:23:55.123316" elapsed="0.000000"/>
</kw>
<kw name="Create Webdriver" owner="SeleniumLibrary">
<msg time="2025-01-08T19:23:55.123316" level="INFO">Creating an instance of the Chrome WebDriver.</msg>
<arg>Chrome</arg>
<arg>options=${chrome_options}</arg>
<arg>service=${service}</arg>
<doc>Creates an instance of Selenium WebDriver.</doc>
<status status="PASS" start="2025-01-08T19:23:55.123316" elapsed="1.734086"/>
</kw>
<kw name="Go To" owner="SeleniumLibrary">
<msg time="2025-01-08T19:23:56.857402" level="INFO">Opening url 'http://localhost:7272/Form.html'</msg>
<arg>${FORM_URL}</arg>
<doc>Navigates the current browser window to the provided ``url``.</doc>
<status status="PASS" start="2025-01-08T19:23:56.857402" elapsed="0.435629"/>
</kw>
<kw name="Maximize Browser Window" owner="SeleniumLibrary">
<doc>Maximizes current browser window.</doc>
<status status="PASS" start="2025-01-08T19:23:57.294276" elapsed="0.080425"/>
</kw>
<kw name="Title Should Be" owner="SeleniumLibrary">
<msg time="2025-01-08T19:23:57.395095" level="INFO">Page title is 'Customer Inquiry'.</msg>
<arg>Customer Inquiry</arg>
<doc>Verifies that the current page title equals ``title``.</doc>
<status status="PASS" start="2025-01-08T19:23:57.374701" elapsed="0.020394"/>
</kw>
<status status="PASS" start="2025-01-08T19:23:55.123316" elapsed="2.271779"/>
</kw>
<status status="PASS" start="2025-01-08T19:23:55.123316" elapsed="2.271779"/>
</test>
<test id="s1-t2" name="Invalid Phone Number" line="8">
<kw name="Open Browser To Form Page" owner="resource">
<kw name="Evaluate" owner="BuiltIn">
<msg time="2025-01-08T19:23:57.395095" level="INFO">${chrome_options} = &lt;selenium.webdriver.chrome.options.Options object at 0x0000022F536ACAA0&gt;</msg>
<var>${chrome_options}</var>
<arg>sys.modules['selenium.webdriver'].ChromeOptions()</arg>
<arg>sys</arg>
<doc>Evaluates the given expression in Python and returns the result.</doc>
<status status="PASS" start="2025-01-08T19:23:57.395095" elapsed="0.000000"/>
</kw>
<kw name="Set Variable" owner="BuiltIn">
<msg time="2025-01-08T19:23:57.395095" level="INFO">${chrome_options.binary_location} = C:/ChromeForTesting/chrome-win64/chrome.exe</msg>
<var>${chrome_options.binary_location}</var>
<arg>${CHROME_BROWSER_PATH}</arg>
<doc>Returns the given values which can then be assigned to a variables.</doc>
<status status="PASS" start="2025-01-08T19:23:57.395095" elapsed="0.000000"/>
</kw>
<kw name="Evaluate" owner="BuiltIn">
<msg time="2025-01-08T19:23:57.395095" level="INFO">${service} = &lt;selenium.webdriver.chrome.service.Service object at 0x0000022F536AD400&gt;</msg>
<var>${service}</var>
<arg>sys.modules['selenium.webdriver.chrome.service'].Service(executable_path=r"${CHROME_DRIVER_PATH}")</arg>
<doc>Evaluates the given expression in Python and returns the result.</doc>
<status status="PASS" start="2025-01-08T19:23:57.395095" elapsed="0.000000"/>
</kw>
<kw name="Create Webdriver" owner="SeleniumLibrary">
<msg time="2025-01-08T19:23:57.405836" level="INFO">Creating an instance of the Chrome WebDriver.</msg>
<arg>Chrome</arg>
<arg>options=${chrome_options}</arg>
<arg>service=${service}</arg>
<doc>Creates an instance of Selenium WebDriver.</doc>
<status status="PASS" start="2025-01-08T19:23:57.395095" elapsed="1.849238"/>
</kw>
<kw name="Go To" owner="SeleniumLibrary">
<msg time="2025-01-08T19:23:59.244333" level="INFO">Opening url 'http://localhost:7272/Form.html'</msg>
<arg>${FORM_URL}</arg>
<doc>Navigates the current browser window to the provided ``url``.</doc>
<status status="PASS" start="2025-01-08T19:23:59.244333" elapsed="0.435148"/>
</kw>
<kw name="Maximize Browser Window" owner="SeleniumLibrary">
<doc>Maximizes current browser window.</doc>
<status status="PASS" start="2025-01-08T19:23:59.681675" elapsed="0.071201"/>
</kw>
<kw name="Title Should Be" owner="SeleniumLibrary">
<msg time="2025-01-08T19:23:59.761510" level="INFO">Page title is 'Customer Inquiry'.</msg>
<arg>Customer Inquiry</arg>
<doc>Verifies that the current page title equals ``title``.</doc>
<status status="PASS" start="2025-01-08T19:23:59.752876" elapsed="0.008634"/>
</kw>
<status status="PASS" start="2025-01-08T19:23:57.395095" elapsed="2.366415"/>
</kw>
<kw name="Fill Contact Information" owner="resource">
<kw name="Input Text" owner="SeleniumLibrary">
<msg time="2025-01-08T19:23:59.761510" level="INFO">Typing text 'Somsong' into text field 'firstname'.</msg>
<arg>firstname</arg>
<arg>${firstname}</arg>
<doc>Types the given ``text`` into the text field identified by ``locator``.</doc>
<status status="PASS" start="2025-01-08T19:23:59.761510" elapsed="0.143956"/>
</kw>
<kw name="Input Text" owner="SeleniumLibrary">
<msg time="2025-01-08T19:23:59.905466" level="INFO">Typing text 'Sandee' into text field 'lastname'.</msg>
<arg>lastname</arg>
<arg>${lastname}</arg>
<doc>Types the given ``text`` into the text field identified by ``locator``.</doc>
<status status="PASS" start="2025-01-08T19:23:59.905466" elapsed="0.245311"/>
</kw>
<kw name="Input Text" owner="SeleniumLibrary">
<msg time="2025-01-08T19:24:00.150777" level="INFO">Typing text 'Europe' into text field 'destination'.</msg>
<arg>destination</arg>
<arg>${destination}</arg>
<doc>Types the given ``text`` into the text field identified by ``locator``.</doc>
<status status="PASS" start="2025-01-08T19:24:00.150777" elapsed="0.149160"/>
</kw>
<kw name="Input Text" owner="SeleniumLibrary">
<msg time="2025-01-08T19:24:00.299937" level="INFO">Typing text 'Sodsai Sandee' into text field 'contactperson'.</msg>
<arg>contactperson</arg>
<arg>${contactperson}</arg>
<doc>Types the given ``text`` into the text field identified by ``locator``.</doc>
<status status="PASS" start="2025-01-08T19:24:00.299937" elapsed="0.223767"/>
</kw>
<kw name="Input Text" owner="SeleniumLibrary">
<msg time="2025-01-08T19:24:00.530975" level="INFO">Typing text 'Mother' into text field 'relationship'.</msg>
<arg>relationship</arg>
<arg>${relationship}</arg>
<doc>Types the given ``text`` into the text field identified by ``locator``.</doc>
<status status="PASS" start="2025-01-08T19:24:00.530730" elapsed="0.107984"/>
</kw>
<kw name="Input Text" owner="SeleniumLibrary">
<msg time="2025-01-08T19:24:00.638714" level="INFO">Typing text 'somsong@kkumail.com' into text field 'email'.</msg>
<arg>email</arg>
<arg>${email}</arg>
<doc>Types the given ``text`` into the text field identified by ``locator``.</doc>
<status status="PASS" start="2025-01-08T19:24:00.638714" elapsed="0.146154"/>
</kw>
<kw name="Input Text" owner="SeleniumLibrary">
<msg time="2025-01-08T19:24:00.784868" level="INFO">Typing text '191' into text field 'phone'.</msg>
<arg>phone</arg>
<arg>${phone}</arg>
<doc>Types the given ``text`` into the text field identified by ``locator``.</doc>
<status status="PASS" start="2025-01-08T19:24:00.784868" elapsed="0.093751"/>
</kw>
<kw name="Click Button" owner="SeleniumLibrary">
<msg time="2025-01-08T19:24:00.878619" level="INFO">Clicking button 'submitButton'.</msg>
<arg>submitButton</arg>
<doc>Clicks the button identified by ``locator``.</doc>
<status status="PASS" start="2025-01-08T19:24:00.878619" elapsed="0.104911"/>
</kw>
<arg>Somsong</arg>
<arg>Sandee</arg>
<arg>Sodsai Sandee</arg>
<arg>Europe</arg>
<arg>Mother</arg>
<arg>somsong@kkumail.com</arg>
<arg>191</arg>
<status status="PASS" start="2025-01-08T19:23:59.761510" elapsed="1.226032"/>
</kw>
<kw name="Page Should Contain" owner="SeleniumLibrary">
<msg time="2025-01-08T19:24:01.278227" level="INFO" html="true">&lt;/td&gt;&lt;/tr&gt;&lt;tr&gt;&lt;td colspan="3"&gt;&lt;a href="selenium-screenshot-10.png"&gt;&lt;img src="selenium-screenshot-10.png" width="800px"&gt;&lt;/a&gt;</msg>
<msg time="2025-01-08T19:24:01.278227" level="FAIL">Page should have contained text 'Please enter a valid phone number, e.g., 081-234-5678, 081 234 5678, or 081.234.5678' but did not.</msg>
<arg>Please enter a valid phone number, e.g., 081-234-5678, 081 234 5678, or 081.234.5678</arg>
<doc>Verifies that current page contains ``text``.</doc>
<status status="FAIL" start="2025-01-08T19:24:00.987542" elapsed="0.292822">Page should have contained text 'Please enter a valid phone number, e.g., 081-234-5678, 081 234 5678, or 081.234.5678' but did not.</status>
</kw>
<status status="FAIL" start="2025-01-08T19:23:57.395095" elapsed="3.885269">Page should have contained text 'Please enter a valid phone number, e.g., 081-234-5678, 081 234 5678, or 081.234.5678' but did not.</status>
</test>
<status status="FAIL" start="2025-01-08T19:23:54.886802" elapsed="6.393562"/>
</suite>
<statistics>
<total>
<stat pass="1" fail="1" skip="0">All Tests</stat>
</total>
<tag>
</tag>
<suite>
<stat pass="1" fail="1" skip="0" id="s1" name="test Invalid PhoneNumber">test Invalid PhoneNumber</stat>
</suite>
</statistics>
<errors>
</errors>
</robot>
